TN:
SF:errors/customError.js
FN:2,(anonymous_0)
FN:8,(anonymous_1)
FNF:2
FNH:2
FNDA:7,(anonymous_0)
FNDA:6,(anonymous_1)
DA:3,7
DA:4,7
DA:8,2
DA:9,6
DA:12,2
LF:5
LH:5
BRF:0
BRH:0
end_of_record
TN:
SF:middlewares/asyncWrapper.js
FN:1,(anonymous_0)
FN:2,(anonymous_1)
FNF:2
FNH:2
FNDA:2,(anonymous_0)
FNDA:2,(anonymous_1)
DA:1,1
DA:2,2
DA:3,2
DA:4,2
DA:6,1
DA:11,1
LF:6
LH:6
BRF:0
BRH:0
end_of_record
TN:
SF:middlewares/authentication.js
FN:5,(anonymous_0)
FNF:1
FNH:1
FNDA:4,(anonymous_0)
DA:1,1
DA:2,1
DA:3,1
DA:5,1
DA:6,4
DA:7,4
DA:8,1
DA:10,3
DA:11,1
DA:13,2
DA:14,2
DA:15,2
DA:16,1
DA:19,1
DA:21,1
DA:24,1
LF:16
LH:16
BRDA:7,0,0,1
BRDA:7,0,1,3
BRDA:10,1,0,1
BRDA:10,1,1,2
BRF:4
BRH:4
end_of_record
TN:
SF:middlewares/errorHandler.js
FN:4,(anonymous_0)
FNF:1
FNH:1
FNDA:2,(anonymous_0)
DA:1,1
DA:2,1
DA:4,1
DA:5,2
DA:6,1
DA:8,1
DA:11,1
LF:7
LH:7
BRDA:5,0,0,1
BRDA:5,0,1,1
BRF:2
BRH:2
end_of_record
TN:
SF:middlewares/notFound.js
FN:4,(anonymous_0)
FNF:1
FNH:1
FNDA:1,(anonymous_0)
DA:1,1
DA:2,1
DA:4,1
DA:5,1
DA:8,1
LF:5
LH:5
BRF:0
BRH:0
end_of_record
